2024-12-19 23:11:39 - INFO - Created 1 records
2024-12-19 23:11:39 - INFO - Created 1 records
2024-12-19 23:11:39 - INFO - creating ACAD_COLOR dictionary
2024-12-19 23:11:39 - INFO - creating ACAD_MATERIAL dictionary
2024-12-19 23:11:39 - INFO - creating ACAD_MLINESTYLE dictionary
2024-12-19 23:11:39 - INFO - creating ACAD_SCALELIST dictionary
2024-12-19 23:11:39 - INFO - creating ACAD_VISUALSTYLE dictionary
2024-12-19 23:11:39 - INFO - Downgrade from DXF R2013 to R2007 can cause lost of features.
2024-12-19 23:12:11 - INFO - Created 1 records
2024-12-19 23:12:12 - INFO - Created 1 records
2024-12-19 23:12:12 - INFO - creating ACAD_COLOR dictionary
2024-12-19 23:12:12 - INFO - creating ACAD_MATERIAL dictionary
2024-12-19 23:12:12 - INFO - creating ACAD_MLINESTYLE dictionary
2024-12-19 23:12:12 - INFO - creating ACAD_SCALELIST dictionary
2024-12-19 23:12:12 - INFO - creating ACAD_VISUALSTYLE dictionary
2024-12-19 23:12:12 - INFO - Downgrade from DXF R2013 to R2007 can cause lost of features.
2024-12-19 23:39:57 - INFO - Created 1 records
2024-12-19 23:39:58 - INFO - Created 1 records
2024-12-19 23:39:58 - INFO - creating ACAD_COLOR dictionary
2024-12-19 23:39:58 - INFO - creating ACAD_MATERIAL dictionary
2024-12-19 23:39:58 - INFO - creating ACAD_MLINESTYLE dictionary
2024-12-19 23:39:58 - INFO - creating ACAD_SCALELIST dictionary
2024-12-19 23:39:58 - INFO - creating ACAD_VISUALSTYLE dictionary
2024-12-19 23:39:58 - INFO - Downgrade from DXF R2013 to R2007 can cause lost of features.
2024-12-19 23:40:04 - INFO - Created 1 records
2024-12-19 23:40:04 - INFO - Created 1 records
2024-12-19 23:40:05 - INFO - creating ACAD_COLOR dictionary
2024-12-19 23:40:05 - INFO - creating ACAD_MATERIAL dictionary
2024-12-19 23:40:05 - INFO - creating ACAD_MLINESTYLE dictionary
2024-12-19 23:40:05 - INFO - creating ACAD_SCALELIST dictionary
2024-12-19 23:40:05 - INFO - creating ACAD_VISUALSTYLE dictionary
2024-12-19 23:40:08 - INFO - Downgrade from DXF R2013 to R2007 can cause lost of features.
2024-12-19 23:40:59 - INFO - Created 1 records
2024-12-19 23:40:59 - INFO - Created 1 records
2024-12-19 23:40:59 - INFO - creating ACAD_COLOR dictionary
2024-12-19 23:40:59 - INFO - creating ACAD_MATERIAL dictionary
2024-12-19 23:40:59 - INFO - creating ACAD_MLINESTYLE dictionary
2024-12-19 23:40:59 - INFO - creating ACAD_SCALELIST dictionary
2024-12-19 23:40:59 - INFO - creating ACAD_VISUALSTYLE dictionary
2024-12-19 23:40:59 - INFO - Downgrade from DXF R2013 to R2007 can cause lost of features.
